  源.cpp
d:\作业\操作系统\大实验\unix文件系统\unix文件系统\源.cpp(435): warning C4018: “<”: 有符号/无符号不匹配
d:\作业\操作系统\大实验\unix文件系统\unix文件系统\源.cpp(615): warning C4018: “<”: 有符号/无符号不匹配
d:\作业\操作系统\大实验\unix文件系统\unix文件系统\源.cpp(656): warning C4018: “<”: 有符号/无符号不匹配
d:\作业\操作系统\大实验\unix文件系统\unix文件系统\源.cpp(754): warning C4018: “<”: 有符号/无符号不匹配
d:\作业\操作系统\大实验\unix文件系统\unix文件系统\源.cpp(923): warning C4018: “<”: 有符号/无符号不匹配
d:\作业\操作系统\大实验\unix文件系统\unix文件系统\源.cpp(960): warning C4018: “<”: 有符号/无符号不匹配
d:\作业\操作系统\大实验\unix文件系统\unix文件系统\源.cpp(1091): warning C4018: “<”: 有符号/无符号不匹配
d:\作业\操作系统\大实验\unix文件系统\unix文件系统\源.cpp(1102): warning C4018: “<”: 有符号/无符号不匹配
d:\作业\操作系统\大实验\unix文件系统\unix文件系统\源.cpp(1129): warning C4018: “<”: 有符号/无符号不匹配
d:\作业\操作系统\大实验\unix文件系统\unix文件系统\源.cpp(1164): warning C4018: “<”: 有符号/无符号不匹配
d:\作业\操作系统\大实验\unix文件系统\unix文件系统\源.cpp(1322): warning C4018: “>=”: 有符号/无符号不匹配
d:\作业\操作系统\大实验\unix文件系统\unix文件系统\源.cpp(1347): warning C4018: “>=”: 有符号/无符号不匹配
d:\作业\操作系统\大实验\unix文件系统\unix文件系统\源.cpp(1389): warning C4018: “>=”: 有符号/无符号不匹配
d:\作业\操作系统\大实验\unix文件系统\unix文件系统\源.cpp(1522): warning C4018: “<”: 有符号/无符号不匹配
d:\作业\操作系统\大实验\unix文件系统\unix文件系统\源.cpp(1561): warning C4018: “<”: 有符号/无符号不匹配
d:\作业\操作系统\大实验\unix文件系统\unix文件系统\源.cpp(1635): warning C4018: “<”: 有符号/无符号不匹配
d:\作业\操作系统\大实验\unix文件系统\unix文件系统\源.cpp(1669): warning C4018: “<”: 有符号/无符号不匹配
d:\作业\操作系统\大实验\unix文件系统\unix文件系统\源.cpp(1714): warning C4018: “<”: 有符号/无符号不匹配
d:\作业\操作系统\大实验\unix文件系统\unix文件系统\源.cpp(1757): warning C4018: “<”: 有符号/无符号不匹配
d:\作业\操作系统\大实验\unix文件系统\unix文件系统\源.cpp(1770): warning C4018: “<”: 有符号/无符号不匹配
d:\作业\操作系统\大实验\unix文件系统\unix文件系统\源.cpp(1782): warning C4018: “<”: 有符号/无符号不匹配
d:\作业\操作系统\大实验\unix文件系统\unix文件系统\源.cpp(1794): warning C4018: “<”: 有符号/无符号不匹配
d:\作业\操作系统\大实验\unix文件系统\unix文件系统\源.cpp(1825): warning C4018: “<”: 有符号/无符号不匹配
d:\作业\操作系统\大实验\unix文件系统\unix文件系统\源.cpp(1859): warning C4018: “<”: 有符号/无符号不匹配
d:\作业\操作系统\大实验\unix文件系统\unix文件系统\源.cpp(1937): warning C4018: “<”: 有符号/无符号不匹配
d:\作业\操作系统\大实验\unix文件系统\unix文件系统\源.cpp(1971): warning C4018: “<”: 有符号/无符号不匹配
d:\作业\操作系统\大实验\unix文件系统\unix文件系统\源.cpp(2040): warning C4018: “<”: 有符号/无符号不匹配
d:\作业\操作系统\大实验\unix文件系统\unix文件系统\源.cpp(2085): warning C4018: “<”: 有符号/无符号不匹配
d:\作业\操作系统\大实验\unix文件系统\unix文件系统\源.cpp(2219): warning C4018: “<”: 有符号/无符号不匹配
d:\作业\操作系统\大实验\unix文件系统\unix文件系统\源.cpp(2264): warning C4018: “<”: 有符号/无符号不匹配
d:\作业\操作系统\大实验\unix文件系统\unix文件系统\源.cpp(2324): warning C4018: “<”: 有符号/无符号不匹配
d:\作业\操作系统\大实验\unix文件系统\unix文件系统\源.cpp(2366): warning C4018: “<”: 有符号/无符号不匹配
d:\作业\操作系统\大实验\unix文件系统\unix文件系统\源.cpp(2519): warning C4018: “<”: 有符号/无符号不匹配
d:\作业\操作系统\大实验\unix文件系统\unix文件系统\源.cpp(2555): warning C4018: “<”: 有符号/无符号不匹配
d:\作业\操作系统\大实验\unix文件系统\unix文件系统\源.cpp(2692): warning C4018: “<”: 有符号/无符号不匹配
d:\作业\操作系统\大实验\unix文件系统\unix文件系统\源.cpp(2726): warning C4018: “<”: 有符号/无符号不匹配
d:\作业\操作系统\大实验\unix文件系统\unix文件系统\源.cpp(2769): warning C4018: “<”: 有符号/无符号不匹配
d:\作业\操作系统\大实验\unix文件系统\unix文件系统\源.cpp(2805): warning C4018: “<”: 有符号/无符号不匹配
d:\作业\操作系统\大实验\unix文件系统\unix文件系统\源.cpp(3105): warning C4101: “userPsw”: 未引用的局部变量
d:\作业\操作系统\大实验\unix文件系统\unix文件系统\源.cpp(3105): warning C4101: “ch”: 未引用的局部变量
d:\作业\操作系统\大实验\unix文件系统\unix文件系统\源.cpp(107): warning C4172: 返回局部变量或临时变量的地址: tmp
  Unix文件系统.vcxproj -> D:\作业\操作系统\大实验\Unix文件系统\Debug\Unix文件系统.exe
